\\VMWARE-HOST\SHARED FOLDERS\CDS\DOCUMENTS\IDX\560\LABS\560\FILESYSTEM\VS110\FILESYSTEM\DEBUG\FS.OBJ
\\VMWARE-HOST\SHARED FOLDERS\CDS\DOCUMENTS\IDX\560\LABS\560\FILESYSTEM\VS110\FILESYSTEM\DEBUG\SH.OBJ
\\VMWARE-HOST\SHARED FOLDERS\CDS\DOCUMENTS\IDX\560\LABS\560\FILESYSTEM\VS110\FILESYSTEM\DEBUG\VC110.PDB
\\VMWARE-HOST\SHARED FOLDERS\CDS\DOCUMENTS\IDX\560\LABS\560\FILESYSTEM\VS110\DEBUG\FILESYSTEM.PDB
\\vmware-host\Shared Folders\cds\Documents\idx\560\labs\560\filesystem\vs110\filesystem\Debug\fs.obj
\\vmware-host\Shared Folders\cds\Documents\idx\560\labs\560\filesystem\vs110\filesystem\Debug\sh.obj
\\vmware-host\Shared Folders\cds\Documents\idx\560\labs\560\filesystem\vs110\filesystem\Debug\cl.command.1.tlog
\\vmware-host\Shared Folders\cds\Documents\idx\560\labs\560\filesystem\vs110\filesystem\Debug\CL.read.1.tlog
\\vmware-host\Shared Folders\cds\Documents\idx\560\labs\560\filesystem\vs110\filesystem\Debug\CL.write.1.tlog
\\vmware-host\Shared Folders\cds\Documents\idx\560\labs\560\filesystem\vs110\filesystem\Debug\link-cvtres.read.1.tlog
\\vmware-host\Shared Folders\cds\Documents\idx\560\labs\560\filesystem\vs110\filesystem\Debug\link-cvtres.write.1.tlog
\\vmware-host\Shared Folders\cds\Documents\idx\560\labs\560\filesystem\vs110\filesystem\Debug\link-rc.read.1.tlog
\\vmware-host\Shared Folders\cds\Documents\idx\560\labs\560\filesystem\vs110\filesystem\Debug\link-rc.write.1.tlog
\\vmware-host\Shared Folders\cds\Documents\idx\560\labs\560\filesystem\vs110\filesystem\Debug\link.1168-cvtres.read.1.tlog
\\vmware-host\Shared Folders\cds\Documents\idx\560\labs\560\filesystem\vs110\filesystem\Debug\link.1168-cvtres.write.1.tlog
\\vmware-host\Shared Folders\cds\Documents\idx\560\labs\560\filesystem\vs110\filesystem\Debug\link.1168-rc.read.1.tlog
\\vmware-host\Shared Folders\cds\Documents\idx\560\labs\560\filesystem\vs110\filesystem\Debug\link.1168-rc.write.1.tlog
\\vmware-host\Shared Folders\cds\Documents\idx\560\labs\560\filesystem\vs110\filesystem\Debug\link.1168.read.1.tlog
\\vmware-host\Shared Folders\cds\Documents\idx\560\labs\560\filesystem\vs110\filesystem\Debug\link.1168.write.1.tlog
\\vmware-host\Shared Folders\cds\Documents\idx\560\labs\560\filesystem\vs110\filesystem\Debug\link.1472-cvtres.read.1.tlog
\\vmware-host\Shared Folders\cds\Documents\idx\560\labs\560\filesystem\vs110\filesystem\Debug\link.1472-cvtres.write.1.tlog
\\vmware-host\Shared Folders\cds\Documents\idx\560\labs\560\filesystem\vs110\filesystem\Debug\link.1472-rc.read.1.tlog
\\vmware-host\Shared Folders\cds\Documents\idx\560\labs\560\filesystem\vs110\filesystem\Debug\link.1472-rc.write.1.tlog
\\vmware-host\Shared Folders\cds\Documents\idx\560\labs\560\filesystem\vs110\filesystem\Debug\link.1472.read.1.tlog
\\vmware-host\Shared Folders\cds\Documents\idx\560\labs\560\filesystem\vs110\filesystem\Debug\link.1472.write.1.tlog
\\vmware-host\Shared Folders\cds\Documents\idx\560\labs\560\filesystem\vs110\filesystem\Debug\link.1676-cvtres.read.1.tlog
\\vmware-host\Shared Folders\cds\Documents\idx\560\labs\560\filesystem\vs110\filesystem\Debug\link.1676-cvtres.write.1.tlog
\\vmware-host\Shared Folders\cds\Documents\idx\560\labs\560\filesystem\vs110\filesystem\Debug\link.1676-rc.read.1.tlog
\\vmware-host\Shared Folders\cds\Documents\idx\560\labs\560\filesystem\vs110\filesystem\Debug\link.1676-rc.write.1.tlog
\\vmware-host\Shared Folders\cds\Documents\idx\560\labs\560\filesystem\vs110\filesystem\Debug\link.1676.read.1.tlog
\\vmware-host\Shared Folders\cds\Documents\idx\560\labs\560\filesystem\vs110\filesystem\Debug\link.1676.write.1.tlog
\\vmware-host\Shared Folders\cds\Documents\idx\560\labs\560\filesystem\vs110\filesystem\Debug\link.2124-cvtres.read.1.tlog
\\vmware-host\Shared Folders\cds\Documents\idx\560\labs\560\filesystem\vs110\filesystem\Debug\link.2124-cvtres.write.1.tlog
\\vmware-host\Shared Folders\cds\Documents\idx\560\labs\560\filesystem\vs110\filesystem\Debug\link.2124-rc.read.1.tlog
\\vmware-host\Shared Folders\cds\Documents\idx\560\labs\560\filesystem\vs110\filesystem\Debug\link.2124-rc.write.1.tlog
\\vmware-host\Shared Folders\cds\Documents\idx\560\labs\560\filesystem\vs110\filesystem\Debug\link.2124.read.1.tlog
\\vmware-host\Shared Folders\cds\Documents\idx\560\labs\560\filesystem\vs110\filesystem\Debug\link.2124.write.1.tlog
\\vmware-host\Shared Folders\cds\Documents\idx\560\labs\560\filesystem\vs110\filesystem\Debug\link.3928-cvtres.read.1.tlog
\\vmware-host\Shared Folders\cds\Documents\idx\560\labs\560\filesystem\vs110\filesystem\Debug\link.3928-cvtres.write.1.tlog
\\vmware-host\Shared Folders\cds\Documents\idx\560\labs\560\filesystem\vs110\filesystem\Debug\link.3928-rc.read.1.tlog
\\vmware-host\Shared Folders\cds\Documents\idx\560\labs\560\filesystem\vs110\filesystem\Debug\link.3928-rc.write.1.tlog
\\vmware-host\Shared Folders\cds\Documents\idx\560\labs\560\filesystem\vs110\filesystem\Debug\link.3928.read.1.tlog
\\vmware-host\Shared Folders\cds\Documents\idx\560\labs\560\filesystem\vs110\filesystem\Debug\link.3928.write.1.tlog
\\vmware-host\Shared Folders\cds\Documents\idx\560\labs\560\filesystem\vs110\filesystem\Debug\link.4088-cvtres.read.1.tlog
\\vmware-host\Shared Folders\cds\Documents\idx\560\labs\560\filesystem\vs110\filesystem\Debug\link.4088-cvtres.write.1.tlog
\\vmware-host\Shared Folders\cds\Documents\idx\560\labs\560\filesystem\vs110\filesystem\Debug\link.4088-rc.read.1.tlog
\\vmware-host\Shared Folders\cds\Documents\idx\560\labs\560\filesystem\vs110\filesystem\Debug\link.4088-rc.write.1.tlog
\\vmware-host\Shared Folders\cds\Documents\idx\560\labs\560\filesystem\vs110\filesystem\Debug\link.4088.read.1.tlog
\\vmware-host\Shared Folders\cds\Documents\idx\560\labs\560\filesystem\vs110\filesystem\Debug\link.4088.write.1.tlog
\\vmware-host\Shared Folders\cds\Documents\idx\560\labs\560\filesystem\vs110\filesystem\Debug\link.5428-cvtres.read.1.tlog
\\vmware-host\Shared Folders\cds\Documents\idx\560\labs\560\filesystem\vs110\filesystem\Debug\link.5428-cvtres.write.1.tlog
\\vmware-host\Shared Folders\cds\Documents\idx\560\labs\560\filesystem\vs110\filesystem\Debug\link.5428-rc.read.1.tlog
\\vmware-host\Shared Folders\cds\Documents\idx\560\labs\560\filesystem\vs110\filesystem\Debug\link.5428-rc.write.1.tlog
\\vmware-host\Shared Folders\cds\Documents\idx\560\labs\560\filesystem\vs110\filesystem\Debug\link.5428.read.1.tlog
\\vmware-host\Shared Folders\cds\Documents\idx\560\labs\560\filesystem\vs110\filesystem\Debug\link.5428.write.1.tlog
\\vmware-host\Shared Folders\cds\Documents\idx\560\labs\560\filesystem\vs110\filesystem\Debug\link.5868-cvtres.read.1.tlog
\\vmware-host\Shared Folders\cds\Documents\idx\560\labs\560\filesystem\vs110\filesystem\Debug\link.5868-cvtres.write.1.tlog
\\vmware-host\Shared Folders\cds\Documents\idx\560\labs\560\filesystem\vs110\filesystem\Debug\link.5868-rc.read.1.tlog
\\vmware-host\Shared Folders\cds\Documents\idx\560\labs\560\filesystem\vs110\filesystem\Debug\link.5868-rc.write.1.tlog
\\vmware-host\Shared Folders\cds\Documents\idx\560\labs\560\filesystem\vs110\filesystem\Debug\link.5868.read.1.tlog
\\vmware-host\Shared Folders\cds\Documents\idx\560\labs\560\filesystem\vs110\filesystem\Debug\link.5868.write.1.tlog
\\vmware-host\Shared Folders\cds\Documents\idx\560\labs\560\filesystem\vs110\filesystem\Debug\link.5884-cvtres.read.1.tlog
\\vmware-host\Shared Folders\cds\Documents\idx\560\labs\560\filesystem\vs110\filesystem\Debug\link.5884-cvtres.write.1.tlog
\\vmware-host\Shared Folders\cds\Documents\idx\560\labs\560\filesystem\vs110\filesystem\Debug\link.5884-rc.read.1.tlog
\\vmware-host\Shared Folders\cds\Documents\idx\560\labs\560\filesystem\vs110\filesystem\Debug\link.5884-rc.write.1.tlog
\\vmware-host\Shared Folders\cds\Documents\idx\560\labs\560\filesystem\vs110\filesystem\Debug\link.5884.read.1.tlog
\\vmware-host\Shared Folders\cds\Documents\idx\560\labs\560\filesystem\vs110\filesystem\Debug\link.5884.write.1.tlog
\\vmware-host\Shared Folders\cds\Documents\idx\560\labs\560\filesystem\vs110\filesystem\Debug\link.5920-cvtres.read.1.tlog
\\vmware-host\Shared Folders\cds\Documents\idx\560\labs\560\filesystem\vs110\filesystem\Debug\link.5920-cvtres.write.1.tlog
\\vmware-host\Shared Folders\cds\Documents\idx\560\labs\560\filesystem\vs110\filesystem\Debug\link.5920-rc.read.1.tlog
\\vmware-host\Shared Folders\cds\Documents\idx\560\labs\560\filesystem\vs110\filesystem\Debug\link.5920-rc.write.1.tlog
\\vmware-host\Shared Folders\cds\Documents\idx\560\labs\560\filesystem\vs110\filesystem\Debug\link.5920.read.1.tlog
\\vmware-host\Shared Folders\cds\Documents\idx\560\labs\560\filesystem\vs110\filesystem\Debug\link.5920.write.1.tlog
\\vmware-host\Shared Folders\cds\Documents\idx\560\labs\560\filesystem\vs110\filesystem\Debug\link.6044-cvtres.read.1.tlog
\\vmware-host\Shared Folders\cds\Documents\idx\560\labs\560\filesystem\vs110\filesystem\Debug\link.6044-cvtres.write.1.tlog
\\vmware-host\Shared Folders\cds\Documents\idx\560\labs\560\filesystem\vs110\filesystem\Debug\link.6044-rc.read.1.tlog
\\vmware-host\Shared Folders\cds\Documents\idx\560\labs\560\filesystem\vs110\filesystem\Debug\link.6044-rc.write.1.tlog
\\vmware-host\Shared Folders\cds\Documents\idx\560\labs\560\filesystem\vs110\filesystem\Debug\link.6044.read.1.tlog
\\vmware-host\Shared Folders\cds\Documents\idx\560\labs\560\filesystem\vs110\filesystem\Debug\link.6044.write.1.tlog
\\vmware-host\Shared Folders\cds\Documents\idx\560\labs\560\filesystem\vs110\filesystem\Debug\link.command.1.tlog
\\vmware-host\Shared Folders\cds\Documents\idx\560\labs\560\filesystem\vs110\filesystem\Debug\link.read.1.tlog
\\vmware-host\Shared Folders\cds\Documents\idx\560\labs\560\filesystem\vs110\filesystem\Debug\link.write.1.tlog
\\vmware-host\Shared Folders\cds\Documents\idx\560\labs\560\filesystem\vs110\filesystem\Debug\vc110.idb
\\vmware-host\Shared Folders\cds\Documents\idx\560\labs\560\filesystem\vs110\filesystem\Debug\vc110.pdb
\\vmware-host\Shared Folders\cds\Documents\idx\560\labs\560\filesystem\vs110\Debug\filesystem.pdb
\\vmware-host\Shared Folders\cds\Documents\idx\560\labs\560\filesystem\vs110\Debug\filesystem.exe
\\vmware-host\Shared Folders\cds\Documents\idx\560\labs\560\filesystem\vs110\Debug\filesystem.ilk
